{"level":"info","message":"Initializing Hoodie Chicken ISO 20022 Middleware...","service":"hct-iso20022-middleware","timestamp":"2025-09-05T11:10:57.631Z"}
{"level":"info","message":"Connecting to database...","service":"hct-iso20022-middleware","timestamp":"2025-09-05T11:10:57.644Z"}
{"level":"warn","message":"Process warning: The `punycode` module is deprecated. Please use a userland alternative instead.","name":"DeprecationWarning","service":"hct-iso20022-middleware","stack":"DeprecationWarning: The `punycode` module is deprecated. Please use a userland alternative instead.\n    at node:punycode:3:9\n    at BuiltinModule.compileForInternalLoader (node:internal/bootstrap/realm:398:7)\n    at BuiltinModule.compileForPublicLoader (node:internal/bootstrap/realm:337:10)\n    at loadBuiltinModule (node:internal/modules/helpers:113:7)\n    at Module._load (node:internal/modules/cjs/loader:1053:17)\n    at Module.require (node:internal/modules/cjs/loader:1290:19)\n    at require (node:internal/modules/helpers:188:18)\n    at Object.<anonymous> (/home/salman/Documents/GitHub/xrpl/node_modules/tr46/index.js:3:18)\n    at Module._compile (node:internal/modules/cjs/loader:1455:14)\n    at Module._extensions..js (node:internal/modules/cjs/loader:1534:10)","timestamp":"2025-09-05T11:10:57.837Z"}
{"level":"info","message":"PostgreSQL connected successfully","service":"hct-iso20022-middleware","timestamp":"2025-09-05T11:10:58.075Z"}
{"level":"warn","message":"Process warning: The `punycode` module is deprecated. Please use a userland alternative instead.","name":"DeprecationWarning","service":"hct-iso20022-middleware","stack":"DeprecationWarning: The `punycode` module is deprecated. Please use a userland alternative instead.\n    at node:punycode:3:9\n    at BuiltinModule.compileForInternalLoader (node:internal/bootstrap/realm:398:7)\n    at BuiltinModule.compileForPublicLoader (node:internal/bootstrap/realm:337:10)\n    at loadBuiltinModule (node:internal/modules/helpers:113:7)\n    at Module._load (node:internal/modules/cjs/loader:1053:17)\n    at Module.require (node:internal/modules/cjs/loader:1290:19)\n    at require (node:internal/modules/helpers:188:18)\n    at Object.<anonymous> (/home/salman/Documents/GitHub/xrpl/node_modules/tr46/index.js:3:18)\n    at Module._compile (node:internal/modules/cjs/loader:1455:14)\n    at Module._extensions..js (node:internal/modules/cjs/loader:1534:10)","timestamp":"2025-09-05T12:07:11.821Z"}
{"level":"info","message":"PostgreSQL connected successfully","service":"hct-iso20022-middleware","timestamp":"2025-09-05T12:07:12.189Z"}
{"level":"info","message":"Logger test successful","service":"hct-iso20022-middleware","timestamp":"2025-09-05T12:07:28.224Z"}
{"level":"warn","message":"Process warning: The `punycode` module is deprecated. Please use a userland alternative instead.","name":"DeprecationWarning","service":"hct-iso20022-middleware","stack":"DeprecationWarning: The `punycode` module is deprecated. Please use a userland alternative instead.\n    at node:punycode:3:9\n    at BuiltinModule.compileForInternalLoader (node:internal/bootstrap/realm:398:7)\n    at BuiltinModule.compileForPublicLoader (node:internal/bootstrap/realm:337:10)\n    at loadBuiltinModule (node:internal/modules/helpers:113:7)\n    at Module._load (node:internal/modules/cjs/loader:1053:17)\n    at Module.require (node:internal/modules/cjs/loader:1290:19)\n    at require (node:internal/modules/helpers:188:18)\n    at Object.<anonymous> (/home/salman/Documents/GitHub/xrpl/node_modules/tr46/index.js:3:18)\n    at Module._compile (node:internal/modules/cjs/loader:1455:14)\n    at Module._extensions..js (node:internal/modules/cjs/loader:1534:10)","timestamp":"2025-09-05T12:07:31.286Z"}
{"level":"info","message":"Generated ISO 20022 pacs.008 XML","service":"hct-iso20022-middleware","timestamp":"2025-09-05T12:07:31.878Z"}
{"level":"info","message":"Generated ISO 20022 pain.001 XML","service":"hct-iso20022-middleware","timestamp":"2025-09-05T12:07:31.885Z"}
{"level":"info","message":"Initializing Hoodie Chicken ISO 20022 Middleware...","service":"hct-iso20022-middleware","timestamp":"2025-09-05T12:07:41.294Z"}
{"level":"info","message":"Connecting to database...","service":"hct-iso20022-middleware","timestamp":"2025-09-05T12:07:41.303Z"}
{"level":"warn","message":"Process warning: The `punycode` module is deprecated. Please use a userland alternative instead.","name":"DeprecationWarning","service":"hct-iso20022-middleware","stack":"DeprecationWarning: The `punycode` module is deprecated. Please use a userland alternative instead.\n    at node:punycode:3:9\n    at BuiltinModule.compileForInternalLoader (node:internal/bootstrap/realm:398:7)\n    at BuiltinModule.compileForPublicLoader (node:internal/bootstrap/realm:337:10)\n    at loadBuiltinModule (node:internal/modules/helpers:113:7)\n    at Module._load (node:internal/modules/cjs/loader:1053:17)\n    at Module.require (node:internal/modules/cjs/loader:1290:19)\n    at require (node:internal/modules/helpers:188:18)\n    at Object.<anonymous> (/home/salman/Documents/GitHub/xrpl/node_modules/tr46/index.js:3:18)\n    at Module._compile (node:internal/modules/cjs/loader:1455:14)\n    at Module._extensions..js (node:internal/modules/cjs/loader:1534:10)","timestamp":"2025-09-05T12:07:41.439Z"}
{"level":"info","message":"PostgreSQL connected successfully","service":"hct-iso20022-middleware","timestamp":"2025-09-05T12:07:41.617Z"}
{"level":"info","message":"Initializing controllers...","service":"hct-iso20022-middleware","timestamp":"2025-09-05T12:07:41.619Z"}
{"level":"info","message":"Initializing scheduler service...","service":"hct-iso20022-middleware","timestamp":"2025-09-05T12:07:41.948Z"}
{"level":"info","message":"Setting up middleware...","service":"hct-iso20022-middleware","timestamp":"2025-09-05T12:07:41.952Z"}
{"level":"info","message":"Setting up routes...","service":"hct-iso20022-middleware","timestamp":"2025-09-05T12:07:41.967Z"}
{"level":"info","message":"Setting up error handling...","service":"hct-iso20022-middleware","timestamp":"2025-09-05T12:07:41.973Z"}
{"level":"info","message":"Syncing database models...","service":"hct-iso20022-middleware","timestamp":"2025-09-05T12:07:41.976Z"}
{"level":"info","message":"Starting scheduled jobs...","service":"hct-iso20022-middleware","timestamp":"2025-09-05T12:07:42.114Z"}
{"level":"info","message":"Started transaction monitoring job","service":"hct-iso20022-middleware","timestamp":"2025-09-05T12:07:42.166Z"}
{"level":"info","message":"Started validation cleanup job","service":"hct-iso20022-middleware","timestamp":"2025-09-05T12:07:42.169Z"}
{"level":"info","message":"Hoodie Chicken ISO 20022 Middleware initialized successfully","service":"hct-iso20022-middleware","timestamp":"2025-09-05T12:07:42.170Z"}
{"level":"info","message":"🚀 Hoodie Chicken ISO 20022 Middleware started successfully!","service":"hct-iso20022-middleware","timestamp":"2025-09-05T12:07:42.177Z"}
{"level":"info","message":"📡 Server listening on 0.0.0.0:3000","service":"hct-iso20022-middleware","timestamp":"2025-09-05T12:07:42.178Z"}
{"level":"info","message":"🌍 Environment: development","service":"hct-iso20022-middleware","timestamp":"2025-09-05T12:07:42.178Z"}
{"level":"info","message":"🔗 XRPL Node: wss://xrplcluster.com","service":"hct-iso20022-middleware","timestamp":"2025-09-05T12:07:42.179Z"}
{"level":"info","message":"💾 Database: postgresql","service":"hct-iso20022-middleware","timestamp":"2025-09-05T12:07:42.179Z"}
{"level":"info","message":"📋 API Documentation: http://0.0.0.0:3000/api/v1/docs","service":"hct-iso20022-middleware","timestamp":"2025-09-05T12:07:42.179Z"}
{"level":"info","message":"❤️  Health Check: http://0.0.0.0:3000/health","service":"hct-iso20022-middleware","timestamp":"2025-09-05T12:07:42.179Z"}
{"level":"info","message":"🎉 Application startup completed successfully!","service":"hct-iso20022-middleware","timestamp":"2025-09-05T12:07:42.180Z"}
{"ip":"127.0.0.1","level":"info","message":"GET /api/v1/docs","method":"GET","path":"/api/v1/docs","service":"hct-iso20022-middleware","timestamp":"2025-09-05T12:08:30.395Z","url":"/api/v1/docs","userAgent":"Mozilla/5.0 (X11; Linux x86_64) AppleWebKit/537.36 (KHTML, like Gecko) Chrome/138.0.0.0 Safari/537.36"}
{"duration":36,"ip":"127.0.0.1","level":"info","message":"GET /api/v1/docs - 200 - 36ms","method":"GET","path":"/api/v1/docs","service":"hct-iso20022-middleware","statusCode":200,"timestamp":"2025-09-05T12:08:30.431Z"}
{"level":"info","message":"🔄 Received SIGINT (Ctrl+C), initiating graceful shutdown...","service":"hct-iso20022-middleware","timestamp":"2025-09-05T12:13:38.606Z"}
